<?xml version="1.0" encoding="UTF-8"?>
<coverage generated="1320887680426" clover="3.1.0">
   <project timestamp="1320887575141" name="EasyMock Parent 3.1 (Aggregated)">
      <metrics conditionals="432" methods="576" classes="82" files="77" packages="5" coveredstatements="1587" complexity="891" loc="10079" ncloc="4276" coveredmethods="576" coveredconditionals="432" statements="1587" coveredelements="2595" elements="2595"/>
      <package name="org.easymock">
         <metrics conditionals="30" methods="200" classes="11" files="11" coveredstatements="374" complexity="220" loc="3906" ncloc="990" coveredmethods="200" coveredconditionals="30" statements="374" coveredelements="604" elements="604"/>
         <file name="Capture.java" path="D:\Programmation\easymock-clean\easymock\src\main\java\org\easymock\Capture.java">
            <metrics classes="1" methods="8" conditionals="12" ncloc="65" coveredstatements="30" coveredmethods="8" complexity="18" coveredconditionals="12" statements="30" loc="139" coveredelements="50" elements="50"/>
            <class name="Capture">
               <metrics methods="8" conditionals="12" coveredstatements="30" coveredmethods="8" complexity="18" coveredconditionals="12" statements="30" coveredelements="50" elements="50"/>
            </class>
            <line num="42" count="1" complexity="1" type="method" signature="Capture()"/>
            <line num="43" count="1" type="stmt"/>
            <line num="52" count="1" complexity="1" type="method" signature="Capture(CaptureType)"/>
            <line num="53" count="1" type="stmt"/>
            <line num="59" count="1" complexity="1" type="method" signature="reset() : void"/>
            <line num="60" count="1" type="stmt"/>
            <line num="66" count="1" complexity="1" type="method" signature="hasCaptured() : boolean"/>
            <line num="67" count="1" type="stmt"/>
            <line num="78" count="1" complexity="3" type="method" signature="getValue() : T"/>
            <line num="79" count="1" type="stmt"/>
            <line num="79" falsecount="1" type="cond" truecount="1"/>
            <line num="80" count="1" type="stmt"/>
            <line num="82" count="1" type="stmt"/>
            <line num="82" falsecount="1" type="cond" truecount="1"/>
            <line num="83" count="1" type="stmt"/>
            <line num="85" count="1" type="stmt"/>
            <line num="94" count="1" complexity="1" type="method" signature="getValues() : List&lt;T&gt;"/>
            <line num="95" count="1" type="stmt"/>
            <line num="104" count="1" complexity="7" type="method" signature="setValue(T) : void"/>
            <line num="105" count="1" type="stmt"/>
            <line num="106" count="1" type="stmt"/>
            <line num="107" count="1" type="stmt"/>
            <line num="108" count="1" type="stmt"/>
            <line num="109" count="1" type="stmt"/>
            <line num="110" count="1" type="stmt"/>
            <line num="111" count="1" type="stmt"/>
            <line num="112" count="1" type="stmt"/>
            <line num="112" falsecount="1" type="cond" truecount="1"/>
            <line num="113" count="1" type="stmt"/>
            <line num="115" count="1" type="stmt"/>
            <line num="116" count="1" type="stmt"/>
            <line num="117" count="1" type="stmt"/>
            <line num="117" falsecount="1" type="cond" truecount="1"/>
            <line num="118" count="1" type="stmt"/>
            <line num="120" count="1" type="stmt"/>
            <line num="121" count="1" type="stmt"/>
            <line num="129" count="1" complexity="3" type="method" signature="toString() : String"/>
            <line num="131" count="1" type="stmt"/>
            <line num="131" falsecount="1" type="cond" truecount="1"/>
            <line num="132" count="1" type="stmt"/>
            <line num="134" count="1" type="stmt"/>
            <line num="134" falsecount="1" type="cond" truecount="1"/>
            <line num="135" count="1" type="stmt"/>
            <line num="137" count="1" type="stmt"/>
         </file>
         <file name="CaptureType.java" path="D:\Programmation\easymock-clean\easymock\src\main\java\org\easymock\CaptureType.java">
            <metrics classes="1" methods="0" conditionals="0" ncloc="7" coveredstatements="0" coveredmethods="0" complexity="0" coveredconditionals="0" statements="0" loc="44" coveredelements="0" elements="0"/>
            <class name="CaptureType">
               <metrics methods="0" conditionals="0" coveredstatements="0" coveredmethods="0" complexity="0" coveredconditionals="0" statements="0" coveredelements="0" elements="0"/>
            </class>
         </file>
         <file name="ConstructorArgs.java" path="D:\Programmation\easymock-clean\easymock\src\main\java\org\easymock\ConstructorArgs.java">
            <metrics classes="1" methods="5" conditionals="14" ncloc="52" coveredstatements="26" coveredmethods="5" complexity="13" coveredconditionals="14" statements="26" loc="103" coveredelements="45" elements="45"/>
            <class name="ConstructorArgs">
               <metrics methods="5" conditionals="14" coveredstatements="26" coveredmethods="5" complexity="13" coveredconditionals="14" statements="26" coveredelements="45" elements="45"/>
            </class>
            <line num="39" count="1" complexity="1" type="method" signature="ConstructorArgs(Constructor&lt;?&gt;,Object)"/>
            <line num="40" count="1" type="stmt"/>
            <line num="41" count="1" type="stmt"/>
            <line num="43" count="1" type="stmt"/>
            <line num="46" count="1" complexity="9" type="method" signature="validateArgs() : void"/>
            <line num="48" count="1" type="stmt"/>
            <line num="50" count="1" type="stmt"/>
            <line num="50" falsecount="1" type="cond" truecount="1"/>
            <line num="51" count="1" type="stmt"/>
            <line num="54" count="1" type="stmt"/>
            <line num="54" falsecount="1" type="cond" truecount="1"/>
            <line num="56" count="1" type="stmt"/>
            <line num="57" count="1" type="stmt"/>
            <line num="59" count="1" type="stmt"/>
            <line num="59" falsecount="1" type="cond" truecount="1"/>
            <line num="60" count="1" type="stmt"/>
            <line num="60" falsecount="1" type="cond" truecount="1"/>
            <line num="61" count="1" type="stmt"/>
            <line num="64" count="1" type="stmt"/>
            <line num="65" count="1" type="stmt"/>
            <line num="66" count="1" type="stmt"/>
            <line num="68" count="1" type="stmt"/>
            <line num="68" falsecount="1" type="cond" truecount="1"/>
            <line num="69" count="1" type="stmt"/>
            <line num="72" count="1" type="stmt"/>
            <line num="75" count="1" type="stmt"/>
            <line num="77" count="1" type="stmt"/>
            <line num="77" falsecount="1" type="cond" truecount="1"/>
            <line num="78" count="1" type="stmt"/>
            <line num="80" count="1" type="stmt"/>
            <line num="80" falsecount="1" type="cond" truecount="1"/>
            <line num="81" count="1" type="stmt"/>
            <line num="86" count="1" complexity="1" type="method" signature="throwException(Class&lt;?&gt;,Object) : IllegalArgumentException"/>
            <line num="87" count="1" type="stmt"/>
            <line num="93" count="1" complexity="1" type="method" signature="getInitArgs() : Object[]"/>
            <line num="94" count="1" type="stmt"/>
            <line num="100" count="1" complexity="1" type="method" signature="getConstructor() : Constructor&lt;?&gt;"/>
            <line num="101" count="1" type="stmt"/>
         </file>
         <file name="EasyMock.java" path="D:\Programmation\easymock-clean\easymock\src\main\java\org\easymock\EasyMock.java">
            <metrics classes="1" methods="152" conditionals="4" ncloc="625" coveredstatements="271" coveredmethods="152" complexity="154" coveredconditionals="4" statements="271" loc="2258" coveredelements="427" elements="427"/>
            <class name="EasyMock">
               <metrics methods="152" conditionals="4" coveredstatements="271" coveredmethods="152" complexity="154" coveredconditionals="4" statements="271" coveredelements="427" elements="427"/>
            </class>
            <line num="68" count="1" complexity="1" type="method" signature="createStrictMock(Class&lt;T&gt;) : T"/>
            <line num="69" count="1" type="stmt"/>
            <line num="87" count="1" complexity="1" type="method" signature="createStrictMock(String,Class&lt;T&gt;) : T"/>
            <line num="88" count="1" type="stmt"/>
            <line num="102" count="1" complexity="1" type="method" signature="createMock(Class&lt;T&gt;) : T"/>
            <line num="103" count="1" type="stmt"/>
            <line num="122" count="1" complexity="1" type="method" signature="createMock(String,Class&lt;T&gt;) : T"/>
            <line num="123" count="1" type="stmt"/>
            <line num="138" count="1" complexity="1" type="method" signature="createNiceMock(Class&lt;T&gt;) : T"/>
            <line num="139" count="1" type="stmt"/>
            <line num="159" count="1" complexity="1" type="method" signature="createNiceMock(String,Class&lt;T&gt;) : T"/>
            <line num="160" count="1" type="stmt"/>
            <line num="178" count="1" complexity="1" type="method" signature="createStrictMock(Class&lt;T&gt;,Method) : T"/>
            <line num="180" count="1" type="stmt"/>
            <line num="200" count="1" complexity="1" type="method" signature="createStrictMock(String,Class&lt;T&gt;,Method) : T"/>
            <line num="203" count="1" type="stmt"/>
            <line num="223" count="1" complexity="1" type="method" signature="createStrictMock(Class&lt;T&gt;,ConstructorArgs,Method) : T"/>
            <line num="226" count="1" type="stmt"/>
            <line num="248" count="1" complexity="1" type="method" signature="createStrictMock(String,Class&lt;T&gt;,ConstructorArgs,Method) : T"/>
            <line num="251" count="1" type="stmt"/>
            <line num="269" count="1" complexity="1" type="method" signature="createMock(Class&lt;T&gt;,Method) : T"/>
            <line num="271" count="1" type="stmt"/>
            <line num="291" count="1" complexity="1" type="method" signature="createMock(String,Class&lt;T&gt;,Method) : T"/>
            <line num="293" count="1" type="stmt"/>
            <line num="313" count="1" complexity="1" type="method" signature="createMock(Class&lt;T&gt;,ConstructorArgs,Method) : T"/>
            <line num="316" count="1" type="stmt"/>
            <line num="338" count="1" complexity="1" type="method" signature="createMock(String,Class&lt;T&gt;,ConstructorArgs,Method) : T"/>
            <line num="341" count="1" type="stmt"/>
            <line num="360" count="1" complexity="1" type="method" signature="createNiceMock(Class&lt;T&gt;,Method) : T"/>
            <line num="362" count="1" type="stmt"/>
            <line num="383" count="1" complexity="1" type="method" signature="createNiceMock(String,Class&lt;T&gt;,Method) : T"/>
            <line num="386" count="1" type="stmt"/>
            <line num="407" count="1" complexity="1" type="method" signature="createNiceMock(Class&lt;T&gt;,ConstructorArgs,Method) : T"/>
            <line num="410" count="1" type="stmt"/>
            <line num="433" count="1" complexity="1" type="method" signature="createNiceMock(String,Class&lt;T&gt;,ConstructorArgs,Method) : T"/>
            <line num="436" count="1" type="stmt"/>
            <line num="450" count="1" complexity="1" type="method" signature="createMockBuilder(Class&lt;T&gt;) : IMockBuilder&lt;T&gt;"/>
            <line num="451" count="1" type="stmt"/>
            <line num="459" count="1" complexity="1" type="method" signature="createStrictControl() : IMocksControl"/>
            <line num="460" count="1" type="stmt"/>
            <line num="468" count="1" complexity="1" type="method" signature="createControl() : IMocksControl"/>
            <line num="469" count="1" type="stmt"/>
            <line num="479" count="1" complexity="1" type="method" signature="createNiceControl() : IMocksControl"/>
            <line num="480" count="1" type="stmt"/>
            <line num="497" count="1" complexity="1" type="method" signature="expect(T) : IExpectationSetters&lt;T&gt;"/>
            <line num="498" count="1" type="stmt"/>
            <line num="510" count="1" complexity="1" type="method" signature="expectLastCall() : IExpectationSetters&lt;T&gt;"/>
            <line num="511" count="1" type="stmt"/>
            <line num="514" count="1" complexity="2" type="method" signature="getControlForLastCall() : IExpectationSetters&lt;T&gt;"/>
            <line num="516" count="1" type="stmt"/>
            <line num="517" count="1" type="stmt"/>
            <line num="517" falsecount="1" type="cond" truecount="1"/>
            <line num="518" count="1" type="stmt"/>
            <line num="520" count="1" type="stmt"/>
            <line num="522" count="1" type="stmt"/>
            <line num="531" count="1" complexity="1" type="method" signature="anyBoolean() : boolean"/>
            <line num="532" count="1" type="stmt"/>
            <line num="533" count="1" type="stmt"/>
            <line num="541" count="1" complexity="1" type="method" signature="anyByte() : byte"/>
            <line num="542" count="1" type="stmt"/>
            <line num="543" count="1" type="stmt"/>
            <line num="551" count="1" complexity="1" type="method" signature="anyChar() : char"/>
            <line num="552" count="1" type="stmt"/>
            <line num="553" count="1" type="stmt"/>
            <line num="561" count="1" complexity="1" type="method" signature="anyInt() : int"/>
            <line num="562" count="1" type="stmt"/>
            <line num="563" count="1" type="stmt"/>
            <line num="571" count="1" complexity="1" type="method" signature="anyLong() : long"/>
            <line num="572" count="1" type="stmt"/>
            <line num="573" count="1" type="stmt"/>
            <line num="581" count="1" complexity="1" type="method" signature="anyFloat() : float"/>
            <line num="582" count="1" type="stmt"/>
            <line num="583" count="1" type="stmt"/>
            <line num="591" count="1" complexity="1" type="method" signature="anyDouble() : double"/>
            <line num="592" count="1" type="stmt"/>
            <line num="593" count="1" type="stmt"/>
            <line num="601" count="1" complexity="1" type="method" signature="anyShort() : short"/>
            <line num="602" count="1" type="stmt"/>
            <line num="603" count="1" type="stmt"/>
            <line num="624" count="1" complexity="1" type="method" signature="anyObject() : T"/>
            <line num="625" count="1" type="stmt"/>
            <line num="626" count="1" type="stmt"/>
            <line num="640" count="1" complexity="1" type="method" signature="anyObject(Class&lt;T&gt;) : T"/>
            <line num="641" count="1" type="stmt"/>
            <line num="642" count="1" type="stmt"/>
            <line num="655" count="1" complexity="1" type="method" signature="geq(Comparable&lt;T&gt;) : T"/>
            <line num="656" count="1" type="stmt"/>
            <line num="657" count="1" type="stmt"/>
            <line num="668" count="1" complexity="1" type="method" signature="geq(byte) : byte"/>
            <line num="669" count="1" type="stmt"/>
            <line num="670" count="1" type="stmt"/>
            <line num="681" count="1" complexity="1" type="method" signature="geq(double) : double"/>
            <line num="682" count="1" type="stmt"/>
            <line num="683" count="1" type="stmt"/>
            <line num="694" count="1" complexity="1" type="method" signature="geq(float) : float"/>
            <line num="695" count="1" type="stmt"/>
            <line num="696" count="1" type="stmt"/>
            <line num="707" count="1" complexity="1" type="method" signature="geq(int) : int"/>
            <line num="708" count="1" type="stmt"/>
            <line num="709" count="1" type="stmt"/>
            <line num="720" count="1" complexity="1" type="method" signature="geq(long) : long"/>
            <line num="721" count="1" type="stmt"/>
            <line num="722" count="1" type="stmt"/>
            <line num="733" count="1" complexity="1" type="method" signature="geq(short) : short"/>
            <line num="734" count="1" type="stmt"/>
            <line num="735" count="1" type="stmt"/>
            <line num="748" count="1" complexity="1" type="method" signature="leq(Comparable&lt;T&gt;) : T"/>
            <line num="749" count="1" type="stmt"/>
            <line num="750" count="1" type="stmt"/>
            <line num="761" count="1" complexity="1" type="method" signature="leq(byte) : byte"/>
            <line num="762" count="1" type="stmt"/>
            <line num="763" count="1" type="stmt"/>
            <line num="774" count="1" complexity="1" type="method" signature="leq(double) : double"/>
            <line num="775" count="1" type="stmt"/>
            <line num="776" count="1" type="stmt"/>
            <line num="787" count="1" complexity="1" type="method" signature="leq(float) : float"/>
            <line num="788" count="1" type="stmt"/>
            <line num="789" count="1" type="stmt"/>
            <line num="800" count="1" complexity="1" type="method" signature="leq(int) : int"/>
            <line num="801" count="1" type="stmt"/>
            <line num="802" count="1" type="stmt"/>
            <line num="813" count="1" complexity="1" type="method" signature="leq(long) : long"/>
            <line num="814" count="1" type="stmt"/>
            <line num="815" count="1" type="stmt"/>
            <line num="826" count="1" complexity="1" type="method" signature="leq(short) : short"/>
            <line num="827" count="1" type="stmt"/>
            <line num="828" count="1" type="stmt"/>
            <line num="841" count="1" complexity="1" type="method" signature="gt(Comparable&lt;T&gt;) : T"/>
            <line num="842" count="1" type="stmt"/>
            <line num="843" count="1" type="stmt"/>
            <line num="854" count="1" complexity="1" type="method" signature="gt(byte) : byte"/>
            <line num="855" count="1" type="stmt"/>
            <line num="856" count="1" type="stmt"/>
            <line num="867" count="1" complexity="1" type="method" signature="gt(double) : double"/>
            <line num="868" count="1" type="stmt"/>
            <line num="869" count="1" type="stmt"/>
            <line num="880" count="1" complexity="1" type="method" signature="gt(float) : float"/>
            <line num="881" count="1" type="stmt"/>
            <line num="882" count="1" type="stmt"/>
            <line num="893" count="1" complexity="1" type="method" signature="gt(int) : int"/>
            <line num="894" count="1" type="stmt"/>
            <line num="895" count="1" type="stmt"/>
            <line num="906" count="1" complexity="1" type="method" signature="gt(long) : long"/>
            <line num="907" count="1" type="stmt"/>
            <line num="908" count="1" type="stmt"/>
            <line num="919" count="1" complexity="1" type="method" signature="gt(short) : short"/>
            <line num="920" count="1" type="stmt"/>
            <line num="921" count="1" type="stmt"/>
            <line num="934" count="1" complexity="1" type="method" signature="lt(Comparable&lt;T&gt;) : T"/>
            <line num="935" count="1" type="stmt"/>
            <line num="936" count="1" type="stmt"/>
            <line num="947" count="1" complexity="1" type="method" signature="lt(byte) : byte"/>
            <line num="948" count="1" type="stmt"/>
            <line num="949" count="1" type="stmt"/>
            <line num="960" count="1" complexity="1" type="method" signature="lt(double) : double"/>
            <line num="961" count="1" type="stmt"/>
            <line num="962" count="1" type="stmt"/>
            <line num="973" count="1" complexity="1" type="method" signature="lt(float) : float"/>
            <line num="974" count="1" type="stmt"/>
            <line num="975" count="1" type="stmt"/>
            <line num="986" count="1" complexity="1" type="method" signature="lt(int) : int"/>
            <line num="987" count="1" type="stmt"/>
            <line num="988" count="1" type="stmt"/>
            <line num="999" count="1" complexity="1" type="method" signature="lt(long) : long"/>
            <line num="1000" count="1" type="stmt"/>
            <line num="1001" count="1" type="stmt"/>
            <line num="1012" count="1" complexity="1" type="method" signature="lt(short) : short"/>
            <line num="1013" count="1" type="stmt"/>
            <line num="1014" count="1" type="stmt"/>
            <line num="1027" count="1" complexity="1" type="method" signature="isA(Class&lt;T&gt;) : T"/>
            <line num="1028" count="1" type="stmt"/>
            <line num="1029" count="1" type="stmt"/>
            <line num="1040" count="1" complexity="1" type="method" signature="contains(String) : String"/>
            <line num="1041" count="1" type="stmt"/>
            <line num="1042" count="1" type="stmt"/>
            <line num="1054" count="1" complexity="1" type="method" signature="and(boolean,boolean) : boolean"/>
            <line num="1055" count="1" type="stmt"/>
            <line num="1056" count="1" type="stmt"/>
            <line num="1068" count="1" complexity="1" type="method" signature="and(byte,byte) : byte"/>
            <line num="1069" count="1" type="stmt"/>
            <line num="1070" count="1" type="stmt"/>
            <line num="1082" count="1" complexity="1" type="method" signature="and(char,char) : char"/>
            <line num="1083" count="1" type="stmt"/>
            <line num="1084" count="1" type="stmt"/>
            <line num="1096" count="1" complexity="1" type="method" signature="and(double,double) : double"/>
            <line num="1097" count="1" type="stmt"/>
            <line num="1098" count="1" type="stmt"/>
            <line num="1110" count="1" complexity="1" type="method" signature="and(float,float) : float"/>
            <line num="1111" count="1" type="stmt"/>
            <line num="1112" count="1" type="stmt"/>
            <line num="1124" count="1" complexity="1" type="method" signature="and(int,int) : int"/>
            <line num="1125" count="1" type="stmt"/>
            <line num="1126" count="1" type="stmt"/>
            <line num="1138" count="1" complexity="1" type="method" signature="and(long,long) : long"/>
            <line num="1139" count="1" type="stmt"/>
            <line num="1140" count="1" type="stmt"/>
            <line num="1152" count="1" complexity="1" type="method" signature="and(short,short) : short"/>
            <line num="1153" count="1" type="stmt"/>
            <line num="1154" count="1" type="stmt"/>
            <line num="1168" count="1" complexity="1" type="method" signature="and(T,T) : T"/>
            <line num="1169" count="1" type="stmt"/>
            <line num="1170" count="1" type="stmt"/>
            <line num="1182" count="1" complexity="1" type="method" signature="or(boolean,boolean) : boolean"/>
            <line num="1183" count="1" type="stmt"/>
            <line num="1184" count="1" type="stmt"/>
            <line num="1196" count="1" complexity="1" type="method" signature="or(byte,byte) : byte"/>
            <line num="1197" count="1" type="stmt"/>
            <line num="1198" count="1" type="stmt"/>
            <line num="1210" count="1" complexity="1" type="method" signature="or(char,char) : char"/>
            <line num="1211" count="1" type="stmt"/>
            <line num="1212" count="1" type="stmt"/>
            <line num="1224" count="1" complexity="1" type="method" signature="or(double,double) : double"/>
            <line num="1225" count="1" type="stmt"/>
            <line num="1226" count="1" type="stmt"/>
            <line num="1238" count="1" complexity="1" type="method" signature="or(float,float) : float"/>
            <line num="1239" count="1" type="stmt"/>
            <line num="1240" count="1" type="stmt"/>
            <line num="1252" count="1" complexity="1" type="method" signature="or(int,int) : int"/>
            <line num="1253" count="1" type="stmt"/>
            <line num="1254" count="1" type="stmt"/>
            <line num="1266" count="1" complexity="1" type="method" signature="or(long,long) : long"/>
            <line num="1267" count="1" type="stmt"/>
            <line num="1268" count="1" type="stmt"/>
            <line num="1280" count="1" complexity="1" type="method" signature="or(short,short) : short"/>
            <line num="1281" count="1" type="stmt"/>
            <line num="1282" count="1" type="stmt"/>
            <line num="1296" count="1" complexity="1" type="method" signature="or(T,T) : T"/>
            <line num="1297" count="1" type="stmt"/>
            <line num="1298" count="1" type="stmt"/>
            <line num="1308" count="1" complexity="1" type="method" signature="not(boolean) : boolean"/>
            <line num="1309" count="1" type="stmt"/>
            <line num="1310" count="1" type="stmt"/>
            <line num="1320" count="1" complexity="1" type="method" signature="not(byte) : byte"/>
            <line num="1321" count="1" type="stmt"/>
            <line num="1322" count="1" type="stmt"/>
            <line num="1332" count="1" complexity="1" type="method" signature="not(char) : char"/>
            <line num="1333" count="1" type="stmt"/>
            <line num="1334" count="1" type="stmt"/>
            <line num="1344" count="1" complexity="1" type="method" signature="not(double) : double"/>
            <line num="1345" count="1" type="stmt"/>
            <line num="1346" count="1" type="stmt"/>
            <line num="1356" count="1" complexity="1" type="method" signature="not(float) : float"/>
            <line num="1357" count="1" type="stmt"/>
            <line num="1358" count="1" type="stmt"/>
            <line num="1368" count="1" complexity="1" type="method" signature="not(int) : int"/>
            <line num="1369" count="1" type="stmt"/>
            <line num="1370" count="1" type="stmt"/>
            <line num="1380" count="1" complexity="1" type="method" signature="not(long) : long"/>
            <line num="1381" count="1" type="stmt"/>
            <line num="1382" count="1" type="stmt"/>
            <line num="1392" count="1" complexity="1" type="method" signature="not(short) : short"/>
            <line num="1393" count="1" type="stmt"/>
            <line num="1394" count="1" type="stmt"/>
            <line num="1406" count="1" complexity="1" type="method" signature="not(T) : T"/>
            <line num="1407" count="1" type="stmt"/>
            <line num="1408" count="1" type="stmt"/>
            <line num="1418" count="1" complexity="1" type="method" signature="eq(boolean) : boolean"/>
            <line num="1419" count="1" type="stmt"/>
            <line num="1420" count="1" type="stmt"/>
            <line num="1430" count="1" complexity="1" type="method" signature="eq(byte) : byte"/>
            <line num="1431" count="1" type="stmt"/>
            <line num="1432" count="1" type="stmt"/>
            <line num="1442" count="1" complexity="1" type="method" signature="eq(char) : char"/>
            <line num="1443" count="1" type="stmt"/>
            <line num="1444" count="1" type="stmt"/>
            <line num="1454" count="1" complexity="1" type="method" signature="eq(double) : double"/>
            <line num="1455" count="1" type="stmt"/>
            <line num="1456" count="1" type="stmt"/>
            <line num="1466" count="1" complexity="1" type="method" signature="eq(float) : float"/>
            <line num="1467" count="1" type="stmt"/>
            <line num="1468" count="1" type="stmt"/>
            <line num="1478" count="1" complexity="1" type="method" signature="eq(int) : int"/>
            <line num="1479" count="1" type="stmt"/>
            <line num="1480" count="1" type="stmt"/>
            <line num="1490" count="1" complexity="1" type="method" signature="eq(long) : long"/>
            <line num="1491" count="1" type="stmt"/>
            <line num="1492" count="1" type="stmt"/>
            <line num="1502" count="1" complexity="1" type="method" signature="eq(short) : short"/>
            <line num="1503" count="1" type="stmt"/>
            <line num="1504" count="1" type="stmt"/>
            <line num="1516" count="1" complexity="1" type="method" signature="eq(T) : T"/>
            <line num="1517" count="1" type="stmt"/>
            <line num="1518" count="1" type="stmt"/>
            <line num="1529" count="1" complexity="1" type="method" signature="aryEq(boolean[]) : boolean[]"/>
            <line num="1530" count="1" type="stmt"/>
            <line num="1531" count="1" type="stmt"/>
            <line num="1542" count="1" complexity="1" type="method" signature="aryEq(byte[]) : byte[]"/>
            <line num="1543" count="1" type="stmt"/>
            <line num="1544" count="1" type="stmt"/>
            <line num="1555" count="1" complexity="1" type="method" signature="aryEq(char[]) : char[]"/>
            <line num="1556" count="1" type="stmt"/>
            <line num="1557" count="1" type="stmt"/>
            <line num="1568" count="1" complexity="1" type="method" signature="aryEq(double[]) : double[]"/>
            <line num="1569" count="1" type="stmt"/>
            <line num="1570" count="1" type="stmt"/>
            <line num="1581" count="1" complexity="1" type="method" signature="aryEq(float[]) : float[]"/>
            <line num="1582" count="1" type="stmt"/>
            <line num="1583" count="1" type="stmt"/>
            <line num="1594" count="1" complexity="1" type="method" signature="aryEq(int[]) : int[]"/>
            <line num="1595" count="1" type="stmt"/>
            <line num="1596" count="1" type="stmt"/>
            <line num="1607" count="1" complexity="1" type="method" signature="aryEq(long[]) : long[]"/>
            <line num="1608" count="1" type="stmt"/>
            <line num="1609" count="1" type="stmt"/>
            <line num="1620" count="1" complexity="1" type="method" signature="aryEq(short[]) : short[]"/>
            <line num="1621" count="1" type="stmt"/>
            <line num="1622" count="1" type="stmt"/>
            <line num="1635" count="1" complexity="1" type="method" signature="aryEq(T[]) : T[]"/>
            <line num="1636" count="1" type="stmt"/>
            <line num="1637" count="1" type="stmt"/>
            <line num="1656" count="1" complexity="1" type="method" signature="isNull() : T"/>
            <line num="1657" count="1" type="stmt"/>
            <line num="1658" count="1" type="stmt"/>
            <line num="1673" count="1" complexity="1" type="method" signature="isNull(Class&lt;T&gt;) : T"/>
            <line num="1674" count="1" type="stmt"/>
            <line num="1675" count="1" type="stmt"/>
            <line num="1694" count="1" complexity="1" type="method" signature="notNull() : T"/>
            <line num="1695" count="1" type="stmt"/>
            <line num="1696" count="1" type="stmt"/>
            <line num="1711" count="1" complexity="1" type="method" signature="notNull(Class&lt;T&gt;) : T"/>
            <line num="1712" count="1" type="stmt"/>
            <line num="1713" count="1" type="stmt"/>
            <line num="1724" count="1" complexity="1" type="method" signature="find(String) : String"/>
            <line num="1725" count="1" type="stmt"/>
            <line num="1726" count="1" type="stmt"/>
            <line num="1737" count="1" complexity="1" type="method" signature="matches(String) : String"/>
            <line num="1738" count="1" type="stmt"/>
            <line num="1739" count="1" type="stmt"/>
            <line num="1750" count="1" complexity="1" type="method" signature="startsWith(String) : String"/>
            <line num="1751" count="1" type="stmt"/>
            <line num="1752" count="1" type="stmt"/>
            <line num="1763" count="1" complexity="1" type="method" signature="endsWith(String) : String"/>
            <line num="1764" count="1" type="stmt"/>
            <line num="1765" count="1" type="stmt"/>
            <line num="1779" count="1" complexity="1" type="method" signature="eq(double,double) : double"/>
            <line num="1780" count="1" type="stmt"/>
            <line num="1781" count="1" type="stmt"/>
            <line num="1795" count="1" complexity="1" type="method" signature="eq(float,float) : float"/>
            <line num="1796" count="1" type="stmt"/>
            <line num="1797" count="1" type="stmt"/>
            <line num="1810" count="1" complexity="1" type="method" signature="same(T) : T"/>
            <line num="1811" count="1" type="stmt"/>
            <line num="1812" count="1" type="stmt"/>
            <line num="1825" count="1" complexity="1" type="method" signature="cmpEq(Comparable&lt;T&gt;) : T"/>
            <line num="1826" count="1" type="stmt"/>
            <line num="1827" count="1" type="stmt"/>
            <line num="1848" count="1" complexity="1" type="method" signature="cmp(T,Comparator&lt;? super T&gt;,LogicalOperator) : T"/>
            <line num="1850" count="1" type="stmt"/>
            <line num="1851" count="1" type="stmt"/>
            <line num="1871" count="1" complexity="1" type="method" signature="capture(Capture&lt;T&gt;) : T"/>
            <line num="1872" count="1" type="stmt"/>
            <line num="1873" count="1" type="stmt"/>
            <line num="1883" count="1" complexity="1" type="method" signature="captureBoolean(Capture&lt;Boolean&gt;) : boolean"/>
            <line num="1884" count="1" type="stmt"/>
            <line num="1885" count="1" type="stmt"/>
            <line num="1895" count="1" complexity="1" type="method" signature="captureInt(Capture&lt;Integer&gt;) : int"/>
            <line num="1896" count="1" type="stmt"/>
            <line num="1897" count="1" type="stmt"/>
            <line num="1907" count="1" complexity="1" type="method" signature="captureLong(Capture&lt;Long&gt;) : long"/>
            <line num="1908" count="1" type="stmt"/>
            <line num="1909" count="1" type="stmt"/>
            <line num="1919" count="1" complexity="1" type="method" signature="captureFloat(Capture&lt;Float&gt;) : float"/>
            <line num="1920" count="1" type="stmt"/>
            <line num="1921" count="1" type="stmt"/>
            <line num="1931" count="1" complexity="1" type="method" signature="captureDouble(Capture&lt;Double&gt;) : double"/>
            <line num="1932" count="1" type="stmt"/>
            <line num="1933" count="1" type="stmt"/>
            <line num="1943" count="1" complexity="1" type="method" signature="captureByte(Capture&lt;Byte&gt;) : byte"/>
            <line num="1944" count="1" type="stmt"/>
            <line num="1945" count="1" type="stmt"/>
            <line num="1955" count="1" complexity="1" type="method" signature="captureChar(Capture&lt;Character&gt;) : char"/>
            <line num="1956" count="1" type="stmt"/>
            <line num="1957" count="1" type="stmt"/>
            <line num="1970" count="1" complexity="1" type="method" signature="capture(Capture&lt;Boolean&gt;) : boolean"/>
            <line num="1972" count="1" type="stmt"/>
            <line num="1985" count="1" complexity="1" type="method" signature="capture(Capture&lt;Integer&gt;) : int"/>
            <line num="1987" count="1" type="stmt"/>
            <line num="2000" count="1" complexity="1" type="method" signature="capture(Capture&lt;Long&gt;) : long"/>
            <line num="2002" count="1" type="stmt"/>
            <line num="2015" count="1" complexity="1" type="method" signature="capture(Capture&lt;Float&gt;) : float"/>
            <line num="2017" count="1" type="stmt"/>
            <line num="2030" count="1" complexity="1" type="method" signature="capture(Capture&lt;Double&gt;) : double"/>
            <line num="2032" count="1" type="stmt"/>
            <line num="2045" count="1" complexity="1" type="method" signature="capture(Capture&lt;Byte&gt;) : byte"/>
            <line num="2047" count="1" type="stmt"/>
            <line num="2060" count="1" complexity="1" type="method" signature="capture(Capture&lt;Character&gt;) : char"/>
            <line num="2062" count="1" type="stmt"/>
            <line num="2072" count="1" complexity="1" type="method" signature="replay(Object) : void"/>
            <line num="2073" count="1" type="stmt"/>
            <line num="2074" count="1" type="stmt"/>
            <line num="2085" count="1" complexity="1" type="method" signature="reset(Object) : void"/>
            <line num="2086" count="1" type="stmt"/>
            <line num="2087" count="1" type="stmt"/>
            <line num="2099" count="1" complexity="1" type="method" signature="resetToNice(Object) : void"/>
            <line num="2100" count="1" type="stmt"/>
            <line num="2101" count="1" type="stmt"/>
            <line num="2113" count="1" complexity="1" type="method" signature="resetToDefault(Object) : void"/>
            <line num="2114" count="1" type="stmt"/>
            <line num="2115" count="1" type="stmt"/>
            <line num="2127" count="1" complexity="1" type="method" signature="resetToStrict(Object) : void"/>
            <line num="2128" count="1" type="stmt"/>
            <line num="2129" count="1" type="stmt"/>
            <line num="2140" count="1" complexity="1" type="method" signature="verify(Object) : void"/>
            <line num="2141" count="1" type="stmt"/>
            <line num="2142" count="1" type="stmt"/>
            <line num="2157" count="1" complexity="1" type="method" signature="checkOrder(Object,boolean) : void"/>
            <line num="2158" count="1" type="stmt"/>
            <line num="2167" count="1" complexity="1" type="method" signature="reportMatcher(IArgumentMatcher) : void"/>
            <line num="2168" count="1" type="stmt"/>
            <line num="2171" count="1" complexity="1" type="method" signature="getControl(Object) : MocksControl"/>
            <line num="2172" count="1" type="stmt"/>
            <line num="2184" count="1" complexity="2" type="method" signature="getCurrentArguments() : Object[]"/>
            <line num="2185" count="1" type="stmt"/>
            <line num="2186" count="1" type="stmt"/>
            <line num="2186" falsecount="1" type="cond" truecount="1"/>
            <line num="2187" count="1" type="stmt"/>
            <line num="2190" count="1" type="stmt"/>
            <line num="2204" count="1" complexity="1" type="method" signature="makeThreadSafe(Object,boolean) : void"/>
            <line num="2205" count="1" type="stmt"/>
            <line num="2220" count="1" complexity="1" type="method" signature="checkIsUsedInOneThread(Object,boolean) : void"/>
            <line num="2221" count="1" type="stmt"/>
            <line num="2231" count="1" complexity="1" type="method" signature="getEasyMockProperty(String) : String"/>
            <line num="2232" count="1" type="stmt"/>
            <line num="2250" count="1" complexity="1" type="method" signature="setEasyMockProperty(String,String) : String"/>
            <line num="2251" count="1" type="stmt"/>
         </file>
         <file name="EasyMockSupport.java" path="D:\Programmation\easymock-clean\easymock\src\main\java\org\easymock\EasyMockSupport.java">
            <metrics classes="1" methods="28" conditionals="0" ncloc="128" coveredstatements="40" coveredmethods="28" complexity="28" coveredconditionals="0" statements="40" loc="547" coveredelements="68" elements="68"/>
            <class name="EasyMockSupport">
               <metrics methods="28" conditionals="0" coveredstatements="40" coveredmethods="28" complexity="28" coveredconditionals="0" statements="40" coveredelements="68" elements="68"/>
            </class>
            <line num="68" count="1" complexity="1" type="method" signature="createStrictMock(Class&lt;T&gt;,Method) : T"/>
            <line num="70" count="1" type="stmt"/>
            <line num="90" count="1" complexity="1" type="method" signature="createStrictMock(String,Class&lt;T&gt;,Method) : T"/>
            <line num="92" count="1" type="stmt"/>
            <line num="112" count="1" complexity="1" type="method" signature="createStrictMock(Class&lt;T&gt;,ConstructorArgs,Method) : T"/>
            <line num="115" count="1" type="stmt"/>
            <line num="137" count="1" complexity="1" type="method" signature="createStrictMock(String,Class&lt;T&gt;,ConstructorArgs,Method) : T"/>
            <line num="140" count="1" type="stmt"/>
            <line num="158" count="1" complexity="1" type="method" signature="createMock(Class&lt;T&gt;,Method) : T"/>
            <line num="160" count="1" type="stmt"/>
            <line num="180" count="1" complexity="1" type="method" signature="createMock(String,Class&lt;T&gt;,Method) : T"/>
            <line num="182" count="1" type="stmt"/>
            <line num="202" count="1" complexity="1" type="method" signature="createMock(Class&lt;T&gt;,ConstructorArgs,Method) : T"/>
            <line num="205" count="1" type="stmt"/>
            <line num="227" count="1" complexity="1" type="method" signature="createMock(String,Class&lt;T&gt;,ConstructorArgs,Method) : T"/>
            <line num="230" count="1" type="stmt"/>
            <line num="249" count="1" complexity="1" type="method" signature="createNiceMock(Class&lt;T&gt;,Method) : T"/>
            <line num="251" count="1" type="stmt"/>
            <line num="272" count="1" complexity="1" type="method" signature="createNiceMock(String,Class&lt;T&gt;,Method) : T"/>
            <line num="274" count="1" type="stmt"/>
            <line num="295" count="1" complexity="1" type="method" signature="createNiceMock(Class&lt;T&gt;,ConstructorArgs,Method) : T"/>
            <line num="298" count="1" type="stmt"/>
            <line num="321" count="1" complexity="1" type="method" signature="createNiceMock(String,Class&lt;T&gt;,ConstructorArgs,Method) : T"/>
            <line num="324" count="1" type="stmt"/>
            <line num="338" count="1" complexity="1" type="method" signature="createStrictMock(Class&lt;T&gt;) : T"/>
            <line num="339" count="1" type="stmt"/>
            <line num="357" count="1" complexity="1" type="method" signature="createStrictMock(String,Class&lt;T&gt;) : T"/>
            <line num="358" count="1" type="stmt"/>
            <line num="372" count="1" complexity="1" type="method" signature="createMock(Class&lt;T&gt;) : T"/>
            <line num="373" count="1" type="stmt"/>
            <line num="392" count="1" complexity="1" type="method" signature="createMock(String,Class&lt;T&gt;) : T"/>
            <line num="393" count="1" type="stmt"/>
            <line num="408" count="1" complexity="1" type="method" signature="createNiceMock(Class&lt;T&gt;) : T"/>
            <line num="409" count="1" type="stmt"/>
            <line num="429" count="1" complexity="1" type="method" signature="createNiceMock(String,Class&lt;T&gt;) : T"/>
            <line num="430" count="1" type="stmt"/>
            <line num="438" count="1" complexity="1" type="method" signature="createStrictControl() : IMocksControl"/>
            <line num="439" count="1" type="stmt"/>
            <line num="440" count="1" type="stmt"/>
            <line num="441" count="1" type="stmt"/>
            <line num="455" count="1" complexity="1" type="method" signature="createMockBuilder(Class&lt;T&gt;) : IMockBuilder&lt;T&gt;"/>
            <line num="456" count="1" type="stmt"/>
            <line num="464" count="1" complexity="1" type="method" signature="createControl() : IMocksControl"/>
            <line num="465" count="1" type="stmt"/>
            <line num="466" count="1" type="stmt"/>
            <line num="467" count="1" type="stmt"/>
            <line num="477" count="1" complexity="1" type="method" signature="createNiceControl() : IMocksControl"/>
            <line num="478" count="1" type="stmt"/>
            <line num="479" count="1" type="stmt"/>
            <line num="480" count="1" type="stmt"/>
            <line num="488" count="1" complexity="1" type="method" signature="replayAll() : void"/>
            <line num="489" count="1" type="stmt"/>
            <line num="490" count="1" type="stmt"/>
            <line num="498" count="1" complexity="1" type="method" signature="resetAll() : void"/>
            <line num="499" count="1" type="stmt"/>
            <line num="500" count="1" type="stmt"/>
            <line num="508" count="1" complexity="1" type="method" signature="verifyAll() : void"/>
            <line num="509" count="1" type="stmt"/>
            <line num="510" count="1" type="stmt"/>
            <line num="519" count="1" complexity="1" type="method" signature="resetAllToNice() : void"/>
            <line num="520" count="1" type="stmt"/>
            <line num="521" count="1" type="stmt"/>
            <line num="530" count="1" complexity="1" type="method" signature="resetAllToDefault() : void"/>
            <line num="531" count="1" type="stmt"/>
            <line num="532" count="1" type="stmt"/>
            <line num="541" count="1" complexity="1" type="method" signature="resetAllToStrict() : void"/>
            <line num="542" count="1" type="stmt"/>
            <line num="543" count="1" type="stmt"/>
         </file>
         <file name="IAnswer.java" path="D:\Programmation\easymock-clean\easymock\src\main\java\org\easymock\IAnswer.java">
            <metrics classes="1" methods="0" conditionals="0" ncloc="4" coveredstatements="0" coveredmethods="0" complexity="0" coveredconditionals="0" statements="0" loc="40" coveredelements="0" elements="0"/>
            <class name="IAnswer">
               <metrics methods="0" conditionals="0" coveredstatements="0" coveredmethods="0" complexity="0" coveredconditionals="0" statements="0" coveredelements="0" elements="0"/>
            </class>
         </file>
         <file name="IArgumentMatcher.java" path="D:\Programmation\easymock-clean\easymock\src\main\java\org\easymock\IArgumentMatcher.java">
            <metrics classes="1" methods="0" conditionals="0" ncloc="5" coveredstatements="0" coveredmethods="0" complexity="0" coveredconditionals="0" statements="0" loc="51" coveredelements="0" elements="0"/>
            <class name="IArgumentMatcher">
               <metrics methods="0" conditionals="0" coveredstatements="0" coveredmethods="0" complexity="0" coveredconditionals="0" statements="0" coveredelements="0" elements="0"/>
            </class>
         </file>
         <file name="IExpectationSetters.java" path="D:\Programmation\easymock-clean\easymock\src\main\java\org\easymock\IExpectationSetters.java">
            <metrics classes="1" methods="0" conditionals="0" ncloc="17" coveredstatements="0" coveredmethods="0" complexity="0" coveredconditionals="0" statements="0" loc="154" coveredelements="0" elements="0"/>
            <class name="IExpectationSetters">
               <metrics methods="0" conditionals="0" coveredstatements="0" coveredmethods="0" complexity="0" coveredconditionals="0" statements="0" coveredelements="0" elements="0"/>
            </class>
         </file>
         <file name="IMockBuilder.java" path="D:\Programmation\easymock-clean\easymock\src\main\java\org\easymock\IMockBuilder.java">
            <metrics classes="1" methods="0" conditionals="0" ncloc="23" coveredstatements="0" coveredmethods="0" complexity="0" coveredconditionals="0" statements="0" loc="313" coveredelements="0" elements="0"/>
            <class name="IMockBuilder">
               <metrics methods="0" conditionals="0" coveredstatements="0" coveredmethods="0" complexity="0" coveredconditionals="0" statements="0" coveredelements="0" elements="0"/>
            </class>
         </file>
         <file name="IMocksControl.java" path="D:\Programmation\easymock-clean\easymock\src\main\java\org\easymock\IMocksControl.java">
            <metrics classes="1" methods="0" conditionals="0" ncloc="23" coveredstatements="0" coveredmethods="0" complexity="0" coveredconditionals="0" statements="0" loc="191" coveredelements="0" elements="0"/>
            <class name="IMocksControl">
               <metrics methods="0" conditionals="0" coveredstatements="0" coveredmethods="0" complexity="0" coveredconditionals="0" statements="0" coveredelements="0" elements="0"/>
            </class>
         </file>
         <file name="LogicalOperator.java" path="D:\Programmation\easymock-clean\easymock\src\main\java\org\easymock\LogicalOperator.java">
            <metrics classes="1" methods="7" conditionals="0" ncloc="41" coveredstatements="7" coveredmethods="7" complexity="7" coveredconditionals="0" statements="7" loc="66" coveredelements="14" elements="14"/>
            <class name="LogicalOperator">
               <metrics methods="7" conditionals="0" coveredstatements="7" coveredmethods="7" complexity="7" coveredconditionals="0" statements="7" coveredelements="14" elements="14"/>
            </class>
            <line num="25" count="1" complexity="1" type="method" signature="matchResult(int) : boolean"/>
            <line num="27" count="1" type="stmt"/>
            <line num="31" count="1" complexity="1" type="method" signature="matchResult(int) : boolean"/>
            <line num="33" count="1" type="stmt"/>
            <line num="37" count="1" complexity="1" type="method" signature="matchResult(int) : boolean"/>
            <line num="39" count="1" type="stmt"/>
            <line num="43" count="1" complexity="1" type="method" signature="matchResult(int) : boolean"/>
            <line num="45" count="1" type="stmt"/>
            <line num="49" count="1" complexity="1" type="method" signature="matchResult(int) : boolean"/>
            <line num="51" count="1" type="stmt"/>
            <line num="57" count="1" complexity="1" type="method" signature="LogicalOperator(String)"/>
            <line num="58" count="1" type="stmt"/>
            <line num="61" count="1" complexity="1" type="method" signature="getSymbol() : String"/>
            <line num="62" count="1" type="stmt"/>
         </file>
      </package>
      <package name="org.easymock.internal">
         <metrics conditionals="364" methods="277" classes="40" files="35" coveredstatements="1058" complexity="534" loc="4465" ncloc="2661" coveredmethods="277" coveredconditionals="364" statements="1058" coveredelements="1699" elements="1699"/>
         <file name="ArgumentToString.java" path="D:\Programmation\easymock-clean\easymock\src\main\java\org\easymock\internal\ArgumentToString.java">
            <metrics classes="1" methods="3" conditionals="18" ncloc="48" coveredstatements="29" coveredmethods="3" complexity="12" coveredconditionals="18" statements="29" loc="97" coveredelements="50" elements="50"/>
            <class name="ArgumentToString">
               <metrics methods="3" conditionals="18" coveredstatements="29" coveredmethods="3" complexity="12" coveredconditionals="18" statements="29" coveredelements="50" elements="50"/>
            </class>
            <line num="33" count="1" complexity="7" type="method" signature="appendArgument(Object,StringBuffer) : void"/>
            <line num="34" count="1" type="stmt"/>
            <line num="34" falsecount="1" type="cond" truecount="1"/>
            <line num="35" count="1" type="stmt"/>
            <line num="36" count="1" type="stmt"/>
            <line num="36" falsecount="1" type="cond" truecount="1"/>
            <line num="37" count="1" type="stmt"/>
            <line num="38" count="1" type="stmt"/>
            <line num="39" count="1" type="stmt"/>
            <line num="40" count="1" type="stmt"/>
            <line num="40" falsecount="1" type="cond" truecount="1"/>
            <line num="41" count="1" type="stmt"/>
            <line num="42" count="1" type="stmt"/>
            <line num="43" count="1" type="stmt"/>
            <line num="44" count="1" type="stmt"/>
            <line num="44" falsecount="1" type="cond" truecount="1"/>
            <line num="45" count="1" type="stmt"/>
            <line num="46" count="1" type="stmt"/>
            <line num="46" falsecount="1" type="cond" truecount="1"/>
            <line num="47" count="1" type="stmt"/>
            <line num="47" falsecount="1" type="cond" truecount="1"/>
            <line num="48" count="1" type="stmt"/>
            <line num="50" count="1" type="stmt"/>
            <line num="52" count="1" type="stmt"/>
            <line num="54" count="1" type="stmt"/>
            <line num="66" count="1" complexity="1" type="method" signature="argumentToString(Object) : String"/>
            <line num="67" count="1" type="stmt"/>
            <line num="68" count="1" type="stmt"/>
            <line num="69" count="1" type="stmt"/>
            <line num="82" count="1" complexity="4" type="method" signature="argumentsToString(Object) : String"/>
            <line num="83" count="1" type="stmt"/>
            <line num="83" falsecount="1" type="cond" truecount="1"/>
            <line num="84" count="1" type="stmt"/>
            <line num="87" count="1" type="stmt"/>
            <line num="89" count="1" type="stmt"/>
            <line num="89" falsecount="1" type="cond" truecount="1"/>
            <line num="90" count="1" type="stmt"/>
            <line num="90" falsecount="1" type="cond" truecount="1"/>
            <line num="91" count="1" type="stmt"/>
            <line num="93" count="1" type="stmt"/>
            <line num="95" count="1" type="stmt"/>
         </file>
         <file name="AssertionErrorWrapper.java" path="D:\Programmation\easymock-clean\easymock\src\main\java\org\easymock\internal\AssertionErrorWrapper.java">
            <metrics classes="1" methods="2" conditionals="0" ncloc="11" coveredstatements="2" coveredmethods="2" complexity="2" coveredconditionals="0" statements="2" loc="34" coveredelements="4" elements="4"/>
            <class name="AssertionErrorWrapper">
               <metrics methods="2" conditionals="0" coveredstatements="2" coveredmethods="2" complexity="2" coveredconditionals="0" statements="2" coveredelements="4" elements="4"/>
            </class>
            <line num="27" count="1" complexity="1" type="method" signature="AssertionErrorWrapper(AssertionError)"/>
            <line num="28" count="1" type="stmt"/>
            <line num="31" count="1" complexity="1" type="method" signature="getAssertionError() : AssertionError"/>
            <line num="32" count="1" type="stmt"/>
         </file>
         <file name="BridgeMethodResolver.java" path="D:\Programmation\easymock-clean\easymock\src\main\java\org\easymock\internal\BridgeMethodResolver.java">
            <metrics classes="1" methods="0" conditionals="0" ncloc="241" coveredstatements="0" coveredmethods="0" complexity="0" coveredconditionals="0" statements="0" loc="444" coveredelements="0" elements="0"/>
            <class name="BridgeMethodResolver">
               <metrics methods="0" conditionals="0" coveredstatements="0" coveredmethods="0" complexity="0" coveredconditionals="0" statements="0" coveredelements="0" elements="0"/>
            </class>
         </file>
         <file name="ClassExtensionHelper.java" path="D:\Programmation\easymock-clean\easymock\src\main\java\org\easymock\internal\ClassExtensionHelper.java">
            <metrics classes="1" methods="5" conditionals="6" ncloc="43" coveredstatements="16" coveredmethods="5" complexity="9" coveredconditionals="6" statements="16" loc="88" coveredelements="27" elements="27"/>
            <class name="ClassExtensionHelper">
               <metrics methods="5" conditionals="6" coveredstatements="16" coveredmethods="5" complexity="9" coveredconditionals="6" statements="16" coveredelements="27" elements="27"/>
            </class>
            <line num="39" count="1" complexity="1" type="method" signature="setCurrentConstructorArgs(ConstructorArgs) : void"/>
            <line num="40" count="1" type="stmt"/>
            <line num="43" count="1" complexity="1" type="method" signature="getCurrentConstructorArgs() : ConstructorArgs"/>
            <line num="44" count="1" type="stmt"/>
            <line num="47" count="1" complexity="1" type="method" signature="getInterceptor(Object) : MockMethodInterceptor"/>
            <line num="48" count="1" type="stmt"/>
            <line num="49" count="1" type="stmt"/>
            <line num="52" count="1" complexity="4" type="method" signature="getControl(Object) : MocksControl"/>
            <line num="53" count="1" type="stmt"/>
            <line num="54" count="1" type="stmt"/>
            <line num="56" count="1" type="stmt"/>
            <line num="56" falsecount="1" type="cond" truecount="1"/>
            <line num="57" count="1" type="stmt"/>
            <line num="58" count="1" type="stmt"/>
            <line num="58" falsecount="1" type="cond" truecount="1"/>
            <line num="59" count="1" type="stmt"/>
            <line num="61" count="1" type="stmt"/>
            <line num="63" count="1" type="stmt"/>
            <line num="65" count="1" type="stmt"/>
            <line num="81" count="1" complexity="2" type="method" signature="getMockedType(V) : Class&lt;T&gt;"/>
            <line num="83" count="1" type="stmt"/>
            <line num="83" falsecount="1" type="cond" truecount="1"/>
            <line num="84" count="1" type="stmt"/>
            <line num="86" count="1" type="stmt"/>
         </file>
         <file name="ClassInstantiatorFactory.java" path="D:\Programmation\easymock-clean\easymock\src\main\java\org\easymock\internal\ClassInstantiatorFactory.java">
            <metrics classes="1" methods="6" conditionals="0" ncloc="24" coveredstatements="6" coveredmethods="6" complexity="6" coveredconditionals="0" statements="6" loc="81" coveredelements="12" elements="12"/>
            <class name="ClassInstantiatorFactory">
               <metrics methods="6" conditionals="0" coveredstatements="6" coveredmethods="6" complexity="6" coveredconditionals="0" statements="6" coveredelements="12" elements="12"/>
            </class>
            <line num="38" count="1" complexity="1" type="method" signature="getJVM() : String"/>
            <line num="39" count="1" type="stmt"/>
            <line num="47" count="1" complexity="1" type="method" signature="getJVMSpecificationVersion() : String"/>
            <line num="48" count="1" type="stmt"/>
            <line num="51" count="1" complexity="1" type="method" signature="is1_3Specifications() : boolean"/>
            <line num="52" count="1" type="stmt"/>
            <line num="60" count="1" complexity="1" type="method" signature="getInstantiator() : IClassInstantiator"/>
            <line num="61" count="1" type="stmt"/>
            <line num="71" count="1" complexity="1" type="method" signature="setInstantiator(IClassInstantiator) : void"/>
            <line num="72" count="1" type="stmt"/>
            <line num="78" count="1" complexity="1" type="method" signature="setDefaultInstantiator() : void"/>
            <line num="79" count="1" type="stmt"/>
         </file>
         <file name="ClassProxyFactory.java" path="D:\Programmation\easymock-clean\easymock\src\main\java\org\easymock\internal\ClassProxyFactory.java">
            <metrics classes="2" methods="9" conditionals="16" ncloc="155" coveredstatements="61" coveredmethods="9" complexity="27" coveredconditionals="16" statements="61" loc="271" coveredelements="86" elements="86"/>
            <class name="ClassProxyFactory">
               <metrics methods="3" conditionals="2" coveredstatements="29" coveredmethods="3" complexity="10" coveredconditionals="2" statements="29" coveredelements="34" elements="34"/>
            </class>
            <class name="ClassProxyFactory.MockMethodInterceptor">
               <metrics methods="6" conditionals="14" coveredstatements="32" coveredmethods="6" complexity="17" coveredconditionals="14" statements="32" coveredelements="52" elements="52"/>
            </class>
            <line num="50" count="1" complexity="1" type="method" signature="MockMethodInterceptor(InvocationHandler)"/>
            <line num="51" count="1" type="stmt"/>
            <line num="54" count="1" complexity="9" type="method" signature="intercept(Object,Method,Object[],MethodProxy) : Object"/>
            <line num="58" count="1" type="stmt"/>
            <line num="58" falsecount="1" type="cond" truecount="1"/>
            <line num="59" count="1" type="stmt"/>
            <line num="64" count="1" type="stmt"/>
            <line num="64" falsecount="1" type="cond" truecount="1"/>
            <line num="65" count="1" type="stmt"/>
            <line num="66" count="1" type="stmt"/>
            <line num="70" count="1" type="stmt"/>
            <line num="71" count="1" type="stmt"/>
            <line num="71" falsecount="1" type="cond" truecount="1"/>
            <line num="73" count="1" type="stmt"/>
            <line num="86" count="1" type="stmt"/>
            <line num="86" falsecount="1" type="cond" truecount="1"/>
            <line num="87" count="1" type="stmt"/>
            <line num="90" count="1" type="stmt"/>
            <line num="90" falsecount="1" type="cond" truecount="1"/>
            <line num="91" count="1" type="stmt"/>
            <line num="94" count="1" type="stmt"/>
            <line num="97" count="1" complexity="1" type="method" signature="getHandler() : InvocationHandler"/>
            <line num="98" count="1" type="stmt"/>
            <line num="101" count="1" complexity="1" type="method" signature="setMockedMethods(Method) : void"/>
            <line num="102" count="1" type="stmt"/>
            <line num="105" count="1" complexity="3" type="method" signature="readObject(java.io.ObjectInputStream) : void"/>
            <line num="108" count="1" type="stmt"/>
            <line num="109" count="1" type="stmt"/>
            <line num="111" count="1" type="stmt"/>
            <line num="111" falsecount="1" type="cond" truecount="1"/>
            <line num="112" count="1" type="stmt"/>
            <line num="115" count="1" type="stmt"/>
            <line num="116" count="1" type="stmt"/>
            <line num="117" count="1" type="stmt"/>
            <line num="118" count="1" type="stmt"/>
            <line num="127" count="1" complexity="2" type="method" signature="writeObject(java.io.ObjectOutputStream) : void"/>
            <line num="128" count="1" type="stmt"/>
            <line num="130" count="1" type="stmt"/>
            <line num="130" falsecount="1" type="cond" truecount="1"/>
            <line num="131" count="1" type="stmt"/>
            <line num="132" count="1" type="stmt"/>
            <line num="135" count="1" type="stmt"/>
            <line num="137" count="1" type="stmt"/>
            <line num="138" count="1" type="stmt"/>
            <line num="141" count="1" type="stmt"/>
            <line num="156" count="1" complexity="8" type="method" signature="createProxy(Class&lt;T&gt;,InvocationHandler) : T"/>
            <line num="159" count="1" type="stmt"/>
            <line num="161" count="1" type="stmt"/>
            <line num="162" count="1" type="stmt"/>
            <line num="164" count="1" type="stmt"/>
            <line num="165" count="1" type="stmt"/>
            <line num="166" count="1" type="stmt"/>
            <line num="179" count="1" type="stmt"/>
            <line num="180" count="1" type="stmt"/>
            <line num="182" count="1" type="stmt"/>
            <line num="182" falsecount="1" type="cond" truecount="1"/>
            <line num="184" count="1" type="stmt"/>
            <line num="185" count="1" type="stmt"/>
            <line num="186" count="1" type="stmt"/>
            <line num="188" count="1" type="stmt"/>
            <line num="195" count="1" type="stmt"/>
            <line num="196" count="1" type="stmt"/>
            <line num="197" count="1" type="stmt"/>
            <line num="199" count="1" type="stmt"/>
            <line num="209" count="1" type="stmt"/>
            <line num="213" count="1" type="stmt"/>
            <line num="217" count="1" type="stmt"/>
            <line num="218" count="1" type="stmt"/>
            <line num="219" count="1" type="stmt"/>
            <line num="237" count="1" type="stmt"/>
            <line num="239" count="1" type="stmt"/>
            <line num="243" count="1" type="stmt"/>
            <line num="247" count="1" complexity="1" type="method" signature="createEnhancer(Class&lt;T&gt;) : Enhancer"/>
            <line num="249" count="1" type="stmt"/>
            <line num="254" count="1" complexity="1" type="method" signature="filterConstructors(Class,List) : void"/>
            <line num="257" count="1" type="stmt"/>
            <line num="260" count="1" type="stmt"/>
            <line num="269" count="1" type="stmt"/>
         </file>
         <file name="DefaultClassInstantiator.java" path="D:\Programmation\easymock-clean\easymock\src\main\java\org\easymock\internal\DefaultClassInstantiator.java">
            <metrics classes="1" methods="8" conditionals="12" ncloc="115" coveredstatements="48" coveredmethods="8" complexity="22" coveredconditionals="12" statements="48" loc="205" coveredelements="68" elements="68"/>
            <class name="DefaultClassInstantiator">
               <metrics methods="8" conditionals="12" coveredstatements="48" coveredmethods="8" complexity="22" coveredconditionals="12" statements="48" coveredelements="68" elements="68"/>
            </class>
            <line num="38" count="1" complexity="7" type="method" signature="newInstance(Class&lt;?&gt;) : Object"/>
            <line num="40" count="1" type="stmt"/>
            <line num="40" falsecount="1" type="cond" truecount="1"/>
            <line num="41" count="1" type="stmt"/>
            <line num="42" count="1" type="stmt"/>
            <line num="54" count="1" type="stmt"/>
            <line num="55" count="1" type="stmt"/>
            <line num="56" count="1" type="stmt"/>
            <line num="57" count="1" type="stmt"/>
            <line num="65" count="1" type="stmt"/>
            <line num="76" count="1" complexity="1" type="method" signature="isSerializable(Class&lt;?&gt;) : boolean"/>
            <line num="77" count="1" type="stmt"/>
            <line num="89" count="1" complexity="3" type="method" signature="getConstructorToUse(Class&lt;?&gt;) : Constructor&lt;?&gt;"/>
            <line num="91" count="1" type="stmt"/>
            <line num="92" count="1" type="stmt"/>
            <line num="95" count="1" type="stmt"/>
            <line num="95" falsecount="1" type="cond" truecount="1"/>
            <line num="96" count="1" type="stmt"/>
            <line num="98" count="1" type="stmt"/>
            <line num="109" count="1" complexity="4" type="method" signature="getArgsForTypes(Class&lt;?&gt;[]) : Object[]"/>
            <line num="110" count="1" type="stmt"/>
            <line num="112" count="1" type="stmt"/>
            <line num="112" falsecount="1" type="cond" truecount="1"/>
            <line num="114" count="1" type="stmt"/>
            <line num="114" falsecount="1" type="cond" truecount="1"/>
            <line num="116" count="1" type="stmt"/>
            <line num="117" count="1" type="stmt"/>
            <line num="117" falsecount="1" type="cond" truecount="1"/>
            <line num="121" count="1" type="stmt"/>
            <line num="124" count="1" type="stmt"/>
            <line num="125" count="1" type="stmt"/>
            <line num="126" count="1" type="stmt"/>
            <line num="129" count="1" type="stmt"/>
            <line num="132" count="1" complexity="1" type="method" signature="getSerializedBytes(Class&lt;?&gt;) : byte[]"/>
            <line num="133" count="1" type="stmt"/>
            <line num="134" count="1" type="stmt"/>
            <line num="135" count="1" type="stmt"/>
            <line num="136" count="1" type="stmt"/>
            <line num="137" count="1" type="stmt"/>
            <line num="138" count="1" type="stmt"/>
            <line num="139" count="1" type="stmt"/>
            <line num="141" count="1" type="stmt"/>
            <line num="143" count="1" type="stmt"/>
            <line num="145" count="1" type="stmt"/>
            <line num="146" count="1" type="stmt"/>
            <line num="147" count="1" type="stmt"/>
            <line num="148" count="1" type="stmt"/>
            <line num="149" count="1" type="stmt"/>
            <line num="152" count="1" complexity="4" type="method" signature="getSerializableUID(Class&lt;?&gt;) : Long"/>
            <line num="154" count="1" type="stmt"/>
            <line num="155" count="1" type="stmt"/>
            <line num="156" count="1" type="stmt"/>
            <line num="157" count="1" type="stmt"/>
            <line num="157" falsecount="1" type="cond" truecount="1"/>
            <line num="158" count="1" type="stmt"/>
            <line num="159" count="1" type="stmt"/>
            <line num="175" count="1" complexity="1" type="method" signature="callLongMethod(Class&lt;?&gt;,String) : Long"/>
            <line num="177" count="1" type="stmt"/>
            <line num="197" count="1" type="stmt"/>
            <line num="200" count="1" complexity="1" type="method" signature="readObject(byte[]) : Object"/>
            <line num="201" count="1" type="stmt"/>
            <line num="202" count="1" type="stmt"/>
         </file>
         <file name="EasyMockProperties.java" path="D:\Programmation\easymock-clean\easymock\src\main\java\org\easymock\internal\EasyMockProperties.java">
            <metrics classes="1" methods="6" conditionals="12" ncloc="69" coveredstatements="28" coveredmethods="6" complexity="16" coveredconditionals="12" statements="28" loc="144" coveredelements="46" elements="46"/>
            <class name="EasyMockProperties">
               <metrics methods="6" conditionals="12" coveredstatements="28" coveredmethods="6" complexity="16" coveredconditionals="12" statements="28" coveredelements="46" elements="46"/>
            </class>
            <line num="45" count="1" complexity="2" type="method" signature="getInstance() : EasyMockProperties"/>
            <line num="46" count="1" type="stmt"/>
            <line num="46" falsecount="1" type="cond" truecount="1"/>
            <line num="47" count="1" type="stmt"/>
            <line num="51" count="1" type="stmt"/>
            <line num="55" count="1" type="stmt"/>
            <line num="58" count="1" complexity="6" type="method" signature="EasyMockProperties()"/>
            <line num="60" count="1" type="stmt"/>
            <line num="61" count="1" type="stmt"/>
            <line num="61" falsecount="1" type="cond" truecount="1"/>
            <line num="62" count="1" type="stmt"/>
            <line num="63" count="1" type="stmt"/>
            <line num="64" count="1" type="stmt"/>
            <line num="66" count="1" type="stmt"/>
            <line num="68" count="1" type="stmt"/>
            <line num="69" count="1" type="stmt"/>
            <line num="76" count="1" type="stmt"/>
            <line num="77" count="1" type="stmt"/>
            <line num="77" falsecount="1" type="cond" truecount="1"/>
            <line num="78" count="1" type="stmt"/>
            <line num="93" count="1" complexity="1" type="method" signature="getProperty(String,String) : String"/>
            <line num="94" count="1" type="stmt"/>
            <line num="105" count="1" complexity="1" type="method" signature="getProperty(String) : String"/>
            <line num="106" count="1" type="stmt"/>
            <line num="119" count="1" complexity="3" type="method" signature="setProperty(String,String) : String"/>
            <line num="120" count="1" type="stmt"/>
            <line num="120" falsecount="1" type="cond" truecount="1"/>
            <line num="121" count="1" type="stmt"/>
            <line num="124" count="1" type="stmt"/>
            <line num="124" falsecount="1" type="cond" truecount="1"/>
            <line num="125" count="1" type="stmt"/>
            <line num="127" count="1" type="stmt"/>
            <line num="130" count="1" complexity="3" type="method" signature="getClassLoader() : ClassLoader"/>
            <line num="131" count="1" type="stmt"/>
            <line num="132" count="1" type="stmt"/>
            <line num="133" count="1" type="stmt"/>
            <line num="138" count="1" type="stmt"/>
            <line num="138" falsecount="1" type="cond" truecount="1"/>
            <line num="140" count="1" type="stmt"/>
            <line num="142" count="1" type="stmt"/>
         </file>
         <file name="ErrorMessage.java" path="D:\Programmation\easymock-clean\easymock\src\main\java\org\easymock\internal\ErrorMessage.java">
            <metrics classes="1" methods="5" conditionals="4" ncloc="33" coveredstatements="13" coveredmethods="5" complexity="7" coveredconditionals="4" statements="13" loc="60" coveredelements="22" elements="22"/>
            <class name="ErrorMessage">
               <metrics methods="5" conditionals="4" coveredstatements="13" coveredmethods="5" complexity="7" coveredconditionals="4" statements="13" coveredelements="22" elements="22"/>
            </class>
            <line num="29" count="1" complexity="1" type="method" signature="ErrorMessage(boolean,String,int)"/>
            <line num="30" count="1" type="stmt"/>
            <line num="31" count="1" type="stmt"/>
            <line num="32" count="1" type="stmt"/>
            <line num="35" count="1" complexity="1" type="method" signature="isMatching() : boolean"/>
            <line num="36" count="1" type="stmt"/>
            <line num="39" count="1" complexity="1" type="method" signature="getMessage() : String"/>
            <line num="40" count="1" type="stmt"/>
            <line num="43" count="1" complexity="1" type="method" signature="getActualCount() : int"/>
            <line num="44" count="1" type="stmt"/>
            <line num="47" count="1" complexity="3" type="method" signature="appendTo(StringBuilder,int) : void"/>
            <line num="48" count="1" type="stmt"/>
            <line num="49" count="1" type="stmt"/>
            <line num="49" falsecount="1" type="cond" truecount="1"/>
            <line num="50" count="1" type="stmt"/>
            <line num="50" falsecount="1" type="cond" truecount="1"/>
            <line num="51" count="1" type="stmt"/>
            <line num="53" count="1" type="stmt"/>
            <line num="54" count="1" type="stmt"/>
            <line num="57" count="1" type="stmt"/>
         </file>
         <file name="ExpectedInvocation.java" path="D:\Programmation\easymock-clean\easymock\src\main\java\org\easymock\internal\ExpectedInvocation.java">
            <metrics classes="1" methods="8" conditionals="16" ncloc="86" coveredstatements="32" coveredmethods="8" complexity="17" coveredconditionals="16" statements="32" loc="119" coveredelements="56" elements="56"/>
            <class name="ExpectedInvocation">
               <metrics methods="8" conditionals="16" coveredstatements="32" coveredmethods="8" complexity="17" coveredconditionals="16" statements="32" coveredelements="56" elements="56"/>
            </class>
            <line num="38" count="1" complexity="1" type="method" signature="ExpectedInvocation(Invocation,List&lt;IArgumentMatcher&gt;)"/>
            <line num="39" count="1" type="stmt"/>
            <line num="40" count="1" type="stmt"/>
            <line num="43" count="1" complexity="3" type="method" signature="createMissingMatchers(Invocation,List&lt;IArgumentMatcher&gt;) : List&lt;IArgumentMatcher&gt;"/>
            <line num="45" count="1" type="stmt"/>
            <line num="45" falsecount="1" type="cond" truecount="1"/>
            <line num="46" count="1" type="stmt"/>
            <line num="46" falsecount="1" type="cond" truecount="1"/>
            <line num="47" count="1" type="stmt"/>
            <line num="58" count="1" type="stmt"/>
            <line num="60" count="1" type="stmt"/>
            <line num="61" count="1" type="stmt"/>
            <line num="62" count="1" type="stmt"/>
            <line num="64" count="1" type="stmt"/>
            <line num="67" count="1" complexity="3" type="method" signature="equals(Object) : boolean"/>
            <line num="69" count="1" type="stmt"/>
            <line num="69" falsecount="1" type="cond" truecount="1"/>
            <line num="70" count="1" type="stmt"/>
            <line num="73" count="1" type="stmt"/>
            <line num="74" count="1" type="stmt"/>
            <line num="79" count="1" complexity="1" type="method" signature="hashCode() : int"/>
            <line num="81" count="1" type="stmt"/>
            <line num="84" count="1" complexity="1" type="method" signature="matches(Invocation) : boolean"/>
            <line num="85" count="1" type="stmt"/>
            <line num="89" count="1" complexity="4" type="method" signature="matches(Object[]) : boolean"/>
            <line num="90" count="1" type="stmt"/>
            <line num="90" falsecount="1" type="cond" truecount="1"/>
            <line num="91" count="1" type="stmt"/>
            <line num="93" count="1" type="stmt"/>
            <line num="93" falsecount="1" type="cond" truecount="1"/>
            <line num="94" count="1" type="stmt"/>
            <line num="94" falsecount="1" type="cond" truecount="1"/>
            <line num="95" count="1" type="stmt"/>
            <line num="98" count="1" type="stmt"/>
            <line num="101" count="1" complexity="3" type="method" signature="toString() : String"/>
            <line num="103" count="1" type="stmt"/>
            <line num="104" count="1" type="stmt"/>
            <line num="105" count="1" type="stmt"/>
            <line num="106" count="1" type="stmt"/>
            <line num="106" falsecount="1" type="cond" truecount="1"/>
            <line num="107" count="1" type="stmt"/>
            <line num="108" count="1" type="stmt"/>
            <line num="108" falsecount="1" type="cond" truecount="1"/>
            <line num="109" count="1" type="stmt"/>
            <line num="112" count="1" type="stmt"/>
            <line num="113" count="1" type="stmt"/>
            <line num="116" count="1" complexity="1" type="method" signature="getMethod() : Method"/>
            <line num="117" count="1" type="stmt"/>
         </file>
         <file name="ExpectedInvocationAndResult.java" path="D:\Programmation\easymock-clean\easymock\src\main\java\org\easymock\internal\ExpectedInvocationAndResult.java">
            <metrics classes="1" methods="3" conditionals="0" ncloc="16" coveredstatements="4" coveredmethods="3" complexity="3" coveredconditionals="0" statements="4" loc="43" coveredelements="7" elements="7"/>
[...]
            <line num="204" count="1" type="stmt"/>
            <line num="205" count="1" type="stmt"/>
            <line num="206" count="0" type="stmt"/>
            <line num="211" testsuccess="true" count="1" complexity="1" type="method" testduration="0.0010" signature="testCreateNiceMock() : void"/>
            <line num="213" count="1" type="stmt"/>
            <line num="215" count="1" type="stmt"/>
            <line num="216" count="1" type="stmt"/>
            <line num="217" count="1" type="stmt"/>
            <line num="220" testsuccess="true" count="1" complexity="2" type="method" testduration="0.0020" signature="testCreateStrictMock() : void"/>
            <line num="222" count="1" type="stmt"/>
            <line num="225" count="1" type="stmt"/>
            <line num="226" count="1" type="stmt"/>
            <line num="227" count="1" type="stmt"/>
            <line num="228" count="1" type="stmt"/>
            <line num="229" count="1" type="stmt"/>
            <line num="230" count="0" type="stmt"/>
            <line num="235" testsuccess="true" count="1" complexity="1" type="method" testduration="0.0" signature="testCreateMockStringIMocksControl() : void"/>
            <line num="237" count="1" type="stmt"/>
            <line num="238" count="1" type="stmt"/>
            <line num="239" count="1" type="stmt"/>
            <line num="240" count="1" type="stmt"/>
            <line num="243" testsuccess="true" count="1" complexity="2" type="method" testduration="0.0" signature="testCreateMockString() : void"/>
            <line num="245" count="1" type="stmt"/>
            <line num="247" count="1" type="stmt"/>
            <line num="248" count="1" type="stmt"/>
            <line num="249" count="1" type="stmt"/>
            <line num="250" count="0" type="stmt"/>
            <line num="252" count="1" type="stmt"/>
            <line num="256" testsuccess="true" count="1" complexity="1" type="method" testduration="0.0010" signature="testCreateNiceMockString() : void"/>
            <line num="258" count="1" type="stmt"/>
            <line num="260" count="1" type="stmt"/>
            <line num="261" count="1" type="stmt"/>
            <line num="262" count="1" type="stmt"/>
            <line num="263" count="1" type="stmt"/>
            <line num="266" testsuccess="true" count="1" complexity="2" type="method" testduration="0.0010" signature="testCreateStrictMockString() : void"/>
            <line num="268" count="1" type="stmt"/>
            <line num="270" count="1" type="stmt"/>
            <line num="271" count="1" type="stmt"/>
            <line num="272" count="1" type="stmt"/>
            <line num="273" count="1" type="stmt"/>
            <line num="274" count="1" type="stmt"/>
            <line num="275" count="0" type="stmt"/>
            <line num="277" count="1" type="stmt"/>
            <line num="281" testsuccess="true" count="1" complexity="1" type="method" testduration="0.0" signature="testCreateMock_ConstructorWithoutArgs() : void"/>
            <line num="283" count="1" type="stmt"/>
         </file>
         <file name="MockedExceptionTest.java" path="D:\Programmation\easymock-clean\easymock-classextension\src\test\java\org\easymock\classextension\tests2\MockedExceptionTest.java">
            <metrics classes="1" methods="4" conditionals="0" ncloc="70" coveredstatements="37" coveredmethods="4" complexity="8" coveredconditionals="0" statements="37" loc="112" coveredelements="41" elements="41"/>
            <class name="MockedExceptionTest">
               <metrics conditionals="0" methods="4" coveredstatements="37" complexity="8" testpasses="4" testruns="4" coveredmethods="4" coveredconditionals="0" statements="37" testfailures="0" coveredelements="41" elements="41" testduration="0.02"/>
            </class>
            <line num="30" testsuccess="true" count="1" complexity="2" type="method" testduration="0.02" signature="testMockedException() : void"/>
            <line num="32" count="1" type="stmt"/>
            <line num="33" count="1" type="stmt"/>
            <line num="34" count="1" type="stmt"/>
            <line num="35" count="1" type="stmt"/>
            <line num="37" count="1" type="stmt"/>
            <line num="38" count="1" type="stmt"/>
            <line num="40" count="1" type="stmt"/>
            <line num="43" count="1" type="stmt"/>
            <line num="46" testsuccess="true" count="1" complexity="2" type="method" testduration="0.0" signature="testExplicitFillInStackTrace() : void"/>
            <line num="49" count="1" type="stmt"/>
            <line num="50" count="1" type="stmt"/>
            <line num="51" count="1" type="stmt"/>
            <line num="53" count="1" type="stmt"/>
            <line num="54" count="1" type="stmt"/>
            <line num="56" count="1" type="stmt"/>
            <line num="58" count="1" type="stmt"/>
            <line num="59" count="1" type="stmt"/>
            <line num="61" count="1" type="stmt"/>
            <line num="62" count="1" type="stmt"/>
            <line num="65" count="1" type="stmt"/>
            <line num="68" testsuccess="true" count="1" complexity="2" type="method" testduration="0.0" signature="testNotMockedFillInStackTrace() : void"/>
            <line num="71" count="1" type="stmt"/>
            <line num="74" count="1" type="stmt"/>
            <line num="75" count="1" type="stmt"/>
            <line num="77" count="1" type="stmt"/>
            <line num="79" count="1" type="stmt"/>
            <line num="80" count="1" type="stmt"/>
            <line num="82" count="1" type="stmt"/>
            <line num="83" count="1" type="stmt"/>
            <line num="88" count="1" type="stmt"/>
            <line num="91" testsuccess="true" count="1" complexity="2" type="method" testduration="0.0" signature="testRealException() : void"/>
            <line num="94" count="1" type="stmt"/>
            <line num="96" count="1" type="stmt"/>
            <line num="97" count="1" type="stmt"/>
            <line num="99" count="1" type="stmt"/>
            <line num="101" count="1" type="stmt"/>
            <line num="102" count="1" type="stmt"/>
            <line num="104" count="1" type="stmt"/>
            <line num="105" count="1" type="stmt"/>
            <line num="110" count="1" type="stmt"/>
         </file>
         <file name="MocksControlTest.java" path="D:\Programmation\easymock-clean\easymock-classextension\src\test\java\org\easymock\classextension\tests2\MocksControlTest.java">
            <metrics classes="2" methods="13" conditionals="0" ncloc="147" coveredstatements="60" coveredmethods="11" complexity="17" coveredconditionals="0" statements="67" loc="200" coveredelements="71" elements="80"/>
            <class name="MocksControlTest">
               <metrics conditionals="0" methods="9" coveredstatements="58" complexity="13" testpasses="8" testruns="8" coveredmethods="9" coveredconditionals="0" statements="62" testfailures="0" coveredelements="67" elements="71" testduration="0.0040"/>
            </class>
            <class name="MocksControlTest.A">
               <metrics methods="4" conditionals="0" coveredstatements="2" coveredmethods="2" complexity="4" coveredconditionals="0" statements="5" coveredelements="4" elements="9"/>
            </class>
            <line num="39" count="1" complexity="1" type="method" signature="A(int)"/>
            <line num="40" count="1" type="stmt"/>
            <line num="43" count="1" complexity="1" type="method" signature="foo() : int"/>
            <line num="44" count="1" type="stmt"/>
            <line num="47" count="0" complexity="1" type="method" signature="bar() : int"/>
            <line num="48" count="0" type="stmt"/>
            <line num="51" count="0" complexity="1" type="method" signature="add(int) : boolean"/>
            <line num="52" count="0" type="stmt"/>
            <line num="53" count="0" type="stmt"/>
            <line num="57" testsuccess="true" count="1" complexity="1" type="method" testduration="0.0" signature="testMocksControl_Interface() : void"/>
            <line num="59" count="1" type="stmt"/>
            <line num="60" count="1" type="stmt"/>
            <line num="61" count="1" type="stmt"/>
            <line num="64" testsuccess="true" count="1" complexity="1" type="method" testduration="0.0" signature="testMocksControl_Class() : void"/>
            <line num="66" count="1" type="stmt"/>
            <line num="67" count="1" type="stmt"/>
            <line num="68" count="1" type="stmt"/>
            <line num="71" testsuccess="true" count="1" complexity="1" type="method" testduration="0.0010" signature="testMocksControl_Class_WithName() : void"/>
            <line num="73" count="1" type="stmt"/>
            <line num="74" count="1" type="stmt"/>
            <line num="75" count="1" type="stmt"/>
            <line num="78" testsuccess="true" count="1" complexity="1" type="method" testduration="0.0020" signature="testMocksControl_PartialMock_NoConstructorCalled() : void"/>
            <line num="81" count="1" type="stmt"/>
            <line num="82" count="1" type="stmt"/>
            <line num="85" count="1" type="stmt"/>
            <line num="87" count="1" type="stmt"/>
            <line num="88" count="1" type="stmt"/>
            <line num="89" count="1" type="stmt"/>
            <line num="91" count="1" type="stmt"/>
            <line num="93" count="1" type="stmt"/>
            <line num="98" testsuccess="true" count="1" complexity="1" type="method" testduration="0.0" signature="testMocksControl_NamedPartialMock_NoConstructorCalled() : void"/>
            <line num="101" count="1" type="stmt"/>
            <line num="102" count="1" type="stmt"/>
            <line num="105" count="1" type="stmt"/>
            <line num="107" count="1" type="stmt"/>
            <line num="108" count="1" type="stmt"/>
            <line num="109" count="1" type="stmt"/>
            <line num="111" count="1" type="stmt"/>
            <line num="113" count="1" type="stmt"/>
            <line num="116" testsuccess="true" count="1" complexity="1" type="method" testduration="0.0" signature="testMocksControl_PartialMock_ConstructorCalled() : void"/>
            <line num="119" count="1" type="stmt"/>
            <line num="121" count="1" type="stmt"/>
            <line num="124" count="1" type="stmt"/>
            <line num="127" count="1" type="stmt"/>
            <line num="128" count="1" type="stmt"/>
            <line num="129" count="1" type="stmt"/>
            <line num="130" count="1" type="stmt"/>
            <line num="132" count="1" type="stmt"/>
            <line num="134" count="1" type="stmt"/>
            <line num="139" testsuccess="true" count="1" complexity="1" type="method" testduration="0.0010" signature="testMocksControl_NamedPartialMock_ConstructorCalled() : void"/>
            <line num="142" count="1" type="stmt"/>
            <line num="144" count="1" type="stmt"/>
            <line num="147" count="1" type="stmt"/>
            <line num="150" count="1" type="stmt"/>
            <line num="151" count="1" type="stmt"/>
            <line num="152" count="1" type="stmt"/>
            <line num="153" count="1" type="stmt"/>
            <line num="155" count="1" type="stmt"/>
            <line num="157" count="1" type="stmt"/>
            <line num="160" testsuccess="true" count="1" complexity="5" type="method" testduration="0.0" signature="testInterfaceForbidden_PartialMock() : void"/>
            <line num="162" count="1" type="stmt"/>
            <line num="164" count="1" type="stmt"/>
            <line num="167" count="1" type="stmt"/>
            <line num="169" count="1" type="stmt"/>
            <line num="170" count="1" type="stmt"/>
            <line num="171" count="0" type="stmt"/>
            <line num="175" count="1" type="stmt"/>
            <line num="176" count="1" type="stmt"/>
            <line num="177" count="0" type="stmt"/>
            <line num="181" count="1" type="stmt"/>
            <line num="182" count="1" type="stmt"/>
            <line num="183" count="0" type="stmt"/>
            <line num="187" count="1" type="stmt"/>
            <line num="188" count="1" type="stmt"/>
            <line num="189" count="0" type="stmt"/>
            <line num="194" count="1" complexity="1" type="method" signature="testList(IMocksControl,List&lt;?&gt;) : void"/>
            <line num="195" count="1" type="stmt"/>
            <line num="196" count="1" type="stmt"/>
            <line num="197" count="1" type="stmt"/>
            <line num="198" count="1" type="stmt"/>
         </file>
         <file name="NopInvocationHandler.java" path="D:\Programmation\easymock-clean\easymock-classextension\src\test\java\org\easymock\classextension\tests2\NopInvocationHandler.java">
            <metrics classes="1" methods="2" conditionals="0" ncloc="13" coveredstatements="1" coveredmethods="2" complexity="2" coveredconditionals="0" statements="1" loc="42" coveredelements="3" elements="3"/>
            <class name="NopInvocationHandler">
               <metrics methods="2" conditionals="0" coveredstatements="1" coveredmethods="2" complexity="2" coveredconditionals="0" statements="1" coveredelements="3" elements="3"/>
            </class>
            <line num="36" count="1" complexity="1" type="method" signature="NopInvocationHandler()"/>
            <line num="39" count="1" complexity="1" type="method" signature="invoke(Object,Method,Object[]) : Object"/>
            <line num="40" count="1" type="stmt"/>
         </file>
         <file name="PartialMockingTest.java" path="D:\Programmation\easymock-clean\easymock-classextension\src\test\java\org\easymock\classextension\tests2\PartialMockingTest.java">
            <metrics classes="2" methods="7" conditionals="0" ncloc="73" coveredstatements="23" coveredmethods="6" complexity="9" coveredconditionals="0" statements="29" loc="115" coveredelements="29" elements="36"/>
            <class name="PartialMockingTest">
               <metrics conditionals="0" methods="5" coveredstatements="22" complexity="7" testpasses="5" testruns="5" coveredmethods="5" coveredconditionals="0" statements="27" testfailures="0" coveredelements="27" elements="32" testduration="0.0070"/>
            </class>
            <class name="PartialMockingTest.A">
               <metrics methods="2" conditionals="0" coveredstatements="1" coveredmethods="1" complexity="2" coveredconditionals="0" statements="2" coveredelements="2" elements="4"/>
            </class>
            <line num="40" count="1" complexity="1" type="method" signature="A(String)"/>
            <line num="41" count="1" type="stmt"/>
            <line num="44" count="0" complexity="1" type="method" signature="A(int)"/>
            <line num="45" count="0" type="stmt"/>
            <line num="51" testsuccess="true" count="1" complexity="1" type="method" testduration="0.0" signature="testPartialMock_PublicConstructor() : void"/>
            <line num="54" count="1" type="stmt"/>
            <line num="55" count="1" type="stmt"/>
            <line num="56" count="1" type="stmt"/>
            <line num="58" count="1" type="stmt"/>
            <line num="61" testsuccess="true" count="1" complexity="1" type="method" testduration="0.0050" signature="testPartialMock_ProtectedConstructor() : void"/>
            <line num="63" count="1" type="stmt"/>
            <line num="64" count="1" type="stmt"/>
            <line num="65" count="1" type="stmt"/>
            <line num="66" count="1" type="stmt"/>
            <line num="69" count="1" type="stmt"/>
            <line num="70" count="1" type="stmt"/>
            <line num="71" count="1" type="stmt"/>
            <line num="72" count="1" type="stmt"/>
            <line num="75" testsuccess="true" count="1" complexity="2" type="method" testduration="0.0010" signature="testPartialMock_ConstructorNotFound() : void"/>
            <line num="77" count="1" type="stmt"/>
            <line num="78" count="1" type="stmt"/>
            <line num="79" count="0" type="stmt"/>
            <line num="80" count="0" type="stmt"/>
            <line num="82" count="0" type="stmt"/>
            <line num="84" count="0" type="stmt"/>
            <line num="88" testsuccess="true" count="1" complexity="1" type="method" testduration="0.0010" signature="testPartialMock_InvalidParams() : void"/>
            <line num="90" count="1" type="stmt"/>
            <line num="91" count="1" type="stmt"/>
            <line num="92" count="0" type="stmt"/>
            <line num="95" testsuccess="true" count="1" complexity="2" type="method" testduration="0.0" signature="testPartialMock_ExceptionInConstructor() : void"/>
            <line num="97" count="1" type="stmt"/>
            <line num="98" count="1" type="stmt"/>
            <line num="99" count="1" type="stmt"/>
            <line num="100" count="1" type="stmt"/>
            <line num="102" count="1" type="stmt"/>
            <line num="105" count="1" type="stmt"/>
         </file>
         <file name="SerializationTest.java" path="D:\Programmation\easymock-clean\easymock-classextension\src\test\java\org\easymock\classextension\tests2\SerializationTest.java">
            <metrics classes="1" methods="4" conditionals="0" ncloc="54" coveredstatements="27" coveredmethods="3" complexity="4" coveredconditionals="0" statements="27" loc="102" coveredelements="30" elements="31"/>
            <class name="SerializationTest">
               <metrics conditionals="0" methods="4" coveredstatements="27" complexity="4" testpasses="2" testruns="2" coveredmethods="3" coveredconditionals="0" statements="27" testfailures="0" coveredelements="30" elements="31" testduration="0.048"/>
            </class>
            <line num="36" testsuccess="true" count="1" complexity="1" type="method" testduration="0.012" signature="test() : void"/>
            <line num="40" count="1" type="stmt"/>
            <line num="43" count="1" type="stmt"/>
            <line num="45" count="1" type="stmt"/>
            <line num="47" count="1" type="stmt"/>
            <line num="49" count="1" type="stmt"/>
            <line num="51" count="1" type="stmt"/>
            <line num="53" count="1" type="stmt"/>
            <line num="55" count="1" type="stmt"/>
            <line num="57" count="1" type="stmt"/>
            <line num="60" testsuccess="true" count="1" complexity="1" type="method" testduration="0.036" signature="testAllMockedMethod() : void"/>
            <line num="63" count="1" type="stmt"/>
            <line num="65" count="1" type="stmt"/>
            <line num="67" count="1" type="stmt"/>
            <line num="69" count="1" type="stmt"/>
            <line num="71" count="1" type="stmt"/>
            <line num="73" count="1" type="stmt"/>
            <line num="75" count="1" type="stmt"/>
            <line num="77" count="1" type="stmt"/>
            <line num="79" count="1" type="stmt"/>
            <line num="82" count="0" complexity="1" type="method" signature="testChangingClassLoader() : void"/>
            <line num="88" count="1" complexity="1" type="method" signature="serialize(T) : T"/>
            <line num="90" count="1" type="stmt"/>
            <line num="91" count="1" type="stmt"/>
            <line num="92" count="1" type="stmt"/>
            <line num="93" count="1" type="stmt"/>
            <line num="95" count="1" type="stmt"/>
            <line num="96" count="1" type="stmt"/>
            <line num="97" count="1" type="stmt"/>
            <line num="98" count="1" type="stmt"/>
            <line num="100" count="1" type="stmt"/>
         </file>
      </package>
   </testproject>
</coverage>